#
# There is insufficient memory for the Java Runtime Environment to continue.
# Native memory allocation (mmap) failed to map 255852544 bytes. Error detail: G1 virtual space
# Possible reasons:
#   The system is out of physical RAM or swap space
#   This process is running with CompressedOops enabled, and the Java Heap may be blocking the growth of the native heap
# Possible solutions:
#   Reduce memory load on the system
#   Increase physical memory or swap space
#   Check if swap backing store is full
#   Decrease Java heap size (-Xmx/-Xms)
#   Decrease number of Java threads
#   Decrease Java thread stack sizes (-Xss)
#   Set larger code cache with -XX:ReservedCodeCacheSize=
#   JVM is running with Zero Based Compressed Oops mode in which the Java heap is
#     placed in the first 32GB address space. The Java Heap base address is the
#     maximum limit for the native heap growth. Please use -XX:HeapBaseMinAddress
#     to set the Java Heap base and to place the Java Heap above 32GB virtual address.
# This output file may be truncated or incomplete.
#
#  Out of Memory Error (os_windows.cpp:3828), pid=28856, tid=13960
#
# JRE version:  (21.0.4) (build )
# Java VM: OpenJDK 64-Bit Server VM (21.0.4+-12508038-b607.1, mixed mode, sharing, tiered, compressed oops, compressed class ptrs, g1 gc, windows-amd64)
# No core dump will be written. Minidumps are not enabled by default on client versions of Windows
#

---------------  S U M M A R Y ------------

Command Line: org.jetbrains.kotlin.cli.jvm.K2JVMCompiler @E:\repssApp\app\build\20250427_11978093359055096963.compiler.options

Host: AMD Ryzen 7 6800H with Radeon Graphics         , 16 cores, 15G,  Windows 11 , 64 bit Build 22621 (10.0.22621.5124)
Time: Sun Apr 27 17:42:47 2025  Windows 11 , 64 bit Build 22621 (10.0.22621.5124) elapsed time: 0.011846 seconds (0d 0h 0m 0s)

---------------  T H R E A D  ---------------

Current thread (0x000001ad8b51a490):  JavaThread "Unknown thread" [_thread_in_vm, id=13960, stack(0x0000001961d00000,0x0000001961e00000) (1024K)]

Stack: [0x0000001961d00000,0x0000001961e00000]
Native frames: (J=compiled Java code, j=interpreted, Vv=VM code, C=native code)
V  [jvm.dll+0x6ce539]
V  [jvm.dll+0x85bf03]
V  [jvm.dll+0x85e45e]
V  [jvm.dll+0x85eb43]
V  [jvm.dll+0x27dd06]
V  [jvm.dll+0x6cada5]
V  [jvm.dll+0x6bf27a]
V  [jvm.dll+0x3541fb]
V  [jvm.dll+0x35be36]
V  [jvm.dll+0x3adbc6]
V  [jvm.dll+0x3ade98]
V  [jvm.dll+0x32691c]
V  [jvm.dll+0x32760b]
V  [jvm.dll+0x823959]
V  [jvm.dll+0x3bacf8]
V  [jvm.dll+0x80cd58]
V  [jvm.dll+0x44ef2e]
V  [jvm.dll+0x450691]
C  [jli.dll+0x52ab]
C  [ucrtbase.dll+0x29333]
C  [KERNEL32.DLL+0x1259d]
C  [ntdll.dll+0x5af38]


---------------  P R O C E S S  ---------------

Threads class SMR info:
_java_thread_list=0x00007ffa2171a808, length=0, elements={
}

Java Threads: ( => current thread )
Total: 0

Other Threads:
  0x000001ad8d6d7bc0 WorkerThread "GC Thread#0"                     [id=11976, stack(0x0000001961e00000,0x0000001961f00000) (1024K)]
  0x000001ad8d6e8020 ConcurrentGCThread "G1 Main Marker"            [id=7592, stack(0x0000001961f00000,0x0000001962000000) (1024K)]
  0x000001ad8d6e92c0 WorkerThread "G1 Conc#0"                       [id=7820, stack(0x0000001962000000,0x0000001962100000) (1024K)]

[error occurred during error reporting (printing all threads), id 0xc0000005, EXCEPTION_ACCESS_VIOLATION (0xc0000005) at pc=0x00007ffa20f19957]
VM state: not at safepoint (not fully initialized)

VM Mutex/Monitor currently owned by a thread:  ([mutex/lock_event])
[0x00007ffa217873f8] Heap_lock - owner thread: 0x000001ad8b51a490

Heap address: 0x000000070ce00000, size: 3890 MB, Compressed Oops mode: Zero based, Oop shift amount: 3

CDS archive(s) mapped at: [0x0000000000000000-0x0000000000000000-0x0000000000000000), size 0, SharedBaseAddress: 0x0000000800000000, ArchiveRelocationMode: 1.
Narrow klass base: 0x0000000000000000, Narrow klass shift: 0, Narrow klass range: 0x0

GC Precious Log:
 CardTable entry size: 512
 Card Set container configuration: InlinePtr #cards 4 size 8 Array Of Cards #cards 16 size 48 Howl #buckets 8 coarsen threshold 3686 Howl Bitmap #cards 512 size 80 coarsen threshold 460 Card regions per heap region 1 cards per card region 4096

Heap:
 garbage-first heap   total 0K, used 0K [0x000000070ce00000, 0x0000000800000000)
  region size 2048K, 0 young (0K), 0 survivors (0K)
 Metaspace       used 0K, committed 0K, reserved 0K
  class space    used 0K, committed 0K, reserved 0K

Heap Regions: E=young(eden), S=young(survivor), O=old, HS=humongous(starts), HC=humongous(continues), CS=collection set, F=free, TAMS=top-at-mark-start, PB=parsable bottom

Card table byte_map: [0x000001ada07f0000,0x000001ada0f90000] _byte_map_base: 0x000001ad9cf89000

Marking Bits: (CMBitMap*) 0x000001ad8d6d82c0
 Bits: [0x000001ada0f90000, 0x000001ada4c58000)

GC Heap History (0 events):
No events

Dll operation events (1 events):
Event: 0.007 Loaded shared library E:\AndroidStudio\jbr\bin\java.dll

Deoptimization events (0 events):
No events

Classes loaded (0 events):
No events

Classes unloaded (0 events):
No events

Classes redefined (0 events):
No events

Internal exceptions (0 events):
No events

ZGC Phase Switch (0 events):
No events

VM Operations (0 events):
No events

Memory protections (0 events):
No events

Nmethod flushes (0 events):
No events

Events (0 events):
No events


Dynamic libraries:
0x00007ff7e86b0000 - 0x00007ff7e86ba000 	E:\AndroidStudio\jbr\bin\java.exe
0x00007ffa8e6b0000 - 0x00007ffa8e8c7000 	C:\Windows\SYSTEM32\ntdll.dll
0x00007ffa8da90000 - 0x00007ffa8db54000 	C:\Windows\System32\KERNEL32.DLL
0x00007ffa8bf70000 - 0x00007ffa8c343000 	C:\Windows\System32\KERNELBASE.dll
0x00007ffa8be50000 - 0x00007ffa8bf61000 	C:\Windows\System32\ucrtbase.dll
0x00007ffa856c0000 - 0x00007ffa856d8000 	E:\AndroidStudio\jbr\bin\jli.dll
0x00007ffa85470000 - 0x00007ffa8548b000 	E:\AndroidStudio\jbr\bin\VCRUNTIME140.dll
0x00007ffa8ce60000 - 0x00007ffa8d011000 	C:\Windows\System32\USER32.dll
0x00007ffa8b7c0000 - 0x00007ffa8b7e6000 	C:\Windows\System32\win32u.dll
0x00007ffa8e1d0000 - 0x00007ffa8e1f9000 	C:\Windows\System32\GDI32.dll
0x00007ffa8b960000 - 0x00007ffa8ba7b000 	C:\Windows\System32\gdi32full.dll
0x00007ffa7a850000 - 0x00007ffa7aae8000 	C:\Windows\WinSxS\amd64_microsoft.windows.common-controls_6595b64144ccf1df_6.0.22621.5124_none_270e8f4f7386d69d\COMCTL32.dll
0x00007ffa8bdb0000 - 0x00007ffa8be4a000 	C:\Windows\System32\msvcp_win.dll
0x00007ffa8d130000 - 0x00007ffa8d1d7000 	C:\Windows\System32\msvcrt.dll
0x00007ffa8dcb0000 - 0x00007ffa8dce1000 	C:\Windows\System32\IMM32.DLL
0x00007ffa85460000 - 0x00007ffa8546c000 	E:\AndroidStudio\jbr\bin\vcruntime140_1.dll
0x00007ffa84190000 - 0x00007ffa8421d000 	E:\AndroidStudio\jbr\bin\msvcp140.dll
0x00007ffa20be0000 - 0x00007ffa21863000 	E:\AndroidStudio\jbr\bin\server\jvm.dll
0x00007ffa8c5c0000 - 0x00007ffa8c671000 	C:\Windows\System32\ADVAPI32.dll
0x00007ffa8c3c0000 - 0x00007ffa8c468000 	C:\Windows\System32\sechost.dll
0x00007ffa8b7f0000 - 0x00007ffa8b818000 	C:\Windows\System32\bcrypt.dll
0x00007ffa8e3a0000 - 0x00007ffa8e4b4000 	C:\Windows\System32\RPCRT4.dll
0x00007ffa8dc30000 - 0x00007ffa8dca1000 	C:\Windows\System32\WS2_32.dll
0x00007ffa8aec0000 - 0x00007ffa8af0d000 	C:\Windows\SYSTEM32\POWRPROF.dll
0x00007ffa852a0000 - 0x00007ffa852d4000 	C:\Windows\SYSTEM32\WINMM.dll
0x00007ffa80a30000 - 0x00007ffa80a3a000 	C:\Windows\SYSTEM32\VERSION.dll
0x00007ffa8ad40000 - 0x00007ffa8ad53000 	C:\Windows\SYSTEM32\UMPDC.dll
0x00007ffa8a820000 - 0x00007ffa8a838000 	C:\Windows\SYSTEM32\kernel.appcore.dll
0x00007ffa7ff10000 - 0x00007ffa7ff1a000 	E:\AndroidStudio\jbr\bin\jimage.dll
0x00007ffa88ec0000 - 0x00007ffa890f2000 	C:\Windows\SYSTEM32\DBGHELP.DLL
0x00007ffa8cac0000 - 0x00007ffa8ce52000 	C:\Windows\System32\combase.dll
0x00007ffa8c470000 - 0x00007ffa8c547000 	C:\Windows\System32\OLEAUT32.dll
0x00007ffa798a0000 - 0x00007ffa798d2000 	C:\Windows\SYSTEM32\dbgcore.DLL
0x00007ffa8bbc0000 - 0x00007ffa8bc3b000 	C:\Windows\System32\bcryptPrimitives.dll
0x00007ffa7fef0000 - 0x00007ffa7ff10000 	E:\AndroidStudio\jbr\bin\java.dll

dbghelp: loaded successfully - version: 4.0.5 - missing functions: none
symbol engine: initialized successfully - sym options: 0x614 - pdb path: .;E:\AndroidStudio\jbr\bin;C:\Windows\SYSTEM32;C:\Windows\WinSxS\amd64_microsoft.windows.common-controls_6595b64144ccf1df_6.0.22621.5124_none_270e8f4f7386d69d;E:\AndroidStudio\jbr\bin\server

VM Arguments:
java_command: org.jetbrains.kotlin.cli.jvm.K2JVMCompiler @E:\repssApp\app\build\20250427_11978093359055096963.compiler.options
java_class_path (initial): C:\Users\lenovo\.gradle\caches\modules-2\files-2.1\org.jetbrains.kotlin\kotlin-compiler-embeddable\2.0.0\1de310de3446414381282ffc46c3ed3919a4d1da\kotlin-compiler-embeddable-2.0.0.jar;C:\Users\lenovo\.gradle\caches\modules-2\files-2.1\org.jetbrains.kotlin\kotlin-stdlib\2.0.0\b48df2c4aede9586cc931ead433bc02d6fd7879e\kotlin-stdlib-2.0.0.jar;C:\Users\lenovo\.gradle\caches\modules-2\files-2.1\org.jetbrains.kotlin\kotlin-script-runtime\2.0.0\fdc27dd047d592fa41d2dfa21e7621287a361612\kotlin-script-runtime-2.0.0.jar;C:\Users\lenovo\.gradle\caches\modules-2\files-2.1\org.jetbrains.kotlin\kotlin-reflect\1.6.10\1cbe9c92c12a94eea200d23c2bbaedaf3daf5132\kotlin-reflect-1.6.10.jar;C:\Users\lenovo\.gradle\caches\modules-2\files-2.1\org.jetbrains.kotlin\kotlin-daemon-embeddable\2.0.0\b39c612768614c4428c96ee9c65477181fffe9d\kotlin-daemon-embeddable-2.0.0.jar;C:\Users\lenovo\.gradle\caches\modules-2\files-2.1\org.jetbrains.intellij.deps\trove4j\1.0.20200330\3afb14d5f9ceb459d724e907a21145e8ff394f02\trove4j-1.0.20200330.jar;C:\Users\lenovo\.gradle\caches\modules-2\files-2.1\org.jetbrains\annotations\13.0\919f0dfe192fb4e063e7dacadee7f8bb9a2672a9\annotations-13.0.jar
Launcher Type: SUN_STANDARD

[Global flags]
     intx CICompilerCount                          = 12                                        {product} {ergonomic}
     uint ConcGCThreads                            = 3                                         {product} {ergonomic}
     uint G1ConcRefinementThreads                  = 13                                        {product} {ergonomic}
   size_t G1HeapRegionSize                         = 2097152                                   {product} {ergonomic}
    uintx GCDrainStackTargetSize                   = 64                                        {product} {ergonomic}
   size_t InitialHeapSize                          = 255852544                                 {product} {ergonomic}
   size_t MarkStackSize                            = 4194304                                   {product} {ergonomic}
   size_t MaxHeapSize                              = 4078960640                                {product} {ergonomic}
   size_t MinHeapDeltaBytes                        = 2097152                                   {product} {ergonomic}
   size_t MinHeapSize                              = 8388608                                   {product} {ergonomic}
    uintx NonNMethodCodeHeapSize                   = 7602480                                {pd product} {ergonomic}
    uintx NonProfiledCodeHeapSize                  = 122027880                              {pd product} {ergonomic}
    uintx ProfiledCodeHeapSize                     = 122027880                              {pd product} {ergonomic}
    uintx ReservedCodeCacheSize                    = 251658240                              {pd product} {ergonomic}
     bool SegmentedCodeCache                       = true                                      {product} {ergonomic}
   size_t SoftMaxHeapSize                          = 4078960640                             {manageable} {ergonomic}
     bool UseCompressedOops                        = true                           {product lp64_product} {ergonomic}
     bool UseG1GC                                  = true                                      {product} {ergonomic}
     bool UseLargePagesIndividualAllocation        = false                                  {pd product} {ergonomic}

Logging:
Log output configuration:
 #0: stdout all=warning uptime,level,tags foldmultilines=false
 #1: stderr all=off uptime,level,tags foldmultilines=false

Environment Variables:
JAVA_HOME=C:\Program Files\Microsoft\jdk-11.0.16.101-hotspot
CLASSPATH=.;%JAVA_HOME%\lib;E:\coding
PATH=D:\Program Files\Python-3.10.17;E:\Program Files\Python\Python39;D:\Cmake\bin;C:\Users\lenovo\AppData\Local\Programs\Python\Python38;C:\Program Files\PlasticSCM5\server;C:\Program Files\PlasticSCM5\client;E:\vmware\bin\;C:\Program Files\NVIDIA GPU Computing Toolkit\CUDA\v11.8\bin;C:\Program Files\NVIDIA GPU Computing Toolkit\CUDA\v11.8\libnvvp;C:\Program Files\Microsoft\jdk-11.0.16.101-hotspot\bin;C:\Windows\system32;C:\Windows;C:\Windows\System32\Wbem;C:\Windows\System32\WindowsPowerShell\v1.0\;C:\Windows\System32\OpenSSH\;C:\Program Files\Go\bin;C:\Program Files\matlab2023a\runtime\win64;C:\Program Files\matlab2023a\bin;E:\Program Files\MySQL\MySQL Server 8.0\bin;C:\Program Files\NVIDIA Corporation\Nsight Compute 2022.3.0\;C:\Program Files (x86)\NVIDIA Corporation\PhysX\Common;"C:\Program Files\NVIDIA GPU Computing Toolkit\CUDA\v11.8\lib\x64;C:\Program Files\NVIDIA GPU Computing Toolkit\CUDA\v11.8\bin;  C:\ProgramData\NVIDIA Corporation\CUDA Samples\v11.8\common\lib\x64;  C:\ProgramData\NVIDIA Corporation\CUDA Samples\v11.8\bin\win64;";C:\Program Files\NVIDIA GPU Computing Toolkit\CUDA\v10.2\lib\x64;C:\Program Files\NVIDIA GPU Computing Toolkit\CUDA\v10.2\include;C:\Program Files\NVIDIA GPU Computing Toolkit\CUDA\v10.2\extras\CUPTI\lib64;C:\ProgramData\NVIDIA Corporation\CUDA Samples\v10.2\bin\win64;C:\ProgramData\NVIDIA Corporation\CUDA Samples\v10.2\common\lib\x64;C:\Users\lenovo\AppData\Local\Programs\Python\Python39\Lib\site-packages\dlib;E:\Program Files\tomcat8.5.95\bin;E:\Program Files\tomcat8.5.95\bin;E:\Program Files\Git\cmd;E:\Program Files\nvm;C:\Program Files\nodejs;E:\Program Files\nodejs\node_global\node_modules;E:\QT\Tools\mingw1120_64\bin;E:\QT\Tools\CMake_64\bin;E:\Program Files\nodejs\node_cache;E:\Program Files\Python\Python39\Scripts;E:\Program Files\nodejs\node_global;E:\Program Files\wechat\微信web开发者工具\dll;C:\Program Files\dotnet\;E:\203-ffmpeg\ffmpeg-5.1.1-essentials_build\ffmpeg-5.1.1-essentials_build\bin;E:\mingw64\bin;E:\vivado\Vivado\2023.1\bin;C:\ProgramData\chocolatey\bin;E:\Program Files\nodejs\;C:\Program Files (x86)\Windows Kits\10\Windows Performance Toolkit\;E:\Program Files\maven\bin;%TRANSFORMERS_CACHE%;C:\Program Files\NVIDIA Corporation\NVIDIA app\NvDLISR;E:\sqlite;E:\Android\platform-tools;D:\flutter\flutter\bin;D:\Program Files\;C:\Users\lenovo\anaconda3;C:\Users\lenovo\anaconda3\Library\mingw-w64\bin;C:\Users\lenovo\anaconda3\Library\usr\bin;C:\Users\lenovo\anaconda3\Library\bin;C:\Users\lenovo\anaconda3\Scripts;C:\Users\lenovo\AppData\Local\Microsoft\WindowsApps;C:\Program Files\JetBrains\IntelliJ IDEA 2023.1.3\bin;C:\IDE\goland\GoLand 2023.1.3\bin;C:\Program Files\JetBrains\PyCharm 2023.1.3\bin;C:\Users\lenovo\AppData\Local\Programs\Microsoft VS Code\bin;C:\Users\lenovo\go\bin;C:\mingw64\bin;C:\Program Files\JetBrains\CLion 2023.1.1\bin;C:\Program Files\Microsoft\jdk-11.0.16.101-hotspot\bin;E:\Program Files\Fiddler;E:\Program Files\nvm;C:\Program Files\nodejs;node_global;E:\Program Files\nodejs\node_global;E:\Program Files\nodejs\node_cache;C:\Users\lenovo\AppData\Roaming\npm;E:\texlive\2024\bin\windows;C:\Users\lenovo\AppData\Local\Programs\cursor\resources\app\bin;E:\Windsurf\bin
USERNAME=lenovo
OS=Windows_NT
PROCESSOR_IDENTIFIER=AMD64 Family 25 Model 68 Stepping 1, AuthenticAMD
TMP=C:\Users\lenovo\AppData\Local\Temp
TEMP=C:\Users\lenovo\AppData\Local\Temp




Periodic native trim disabled

JNI global refs:
JNI global refs: 0, weak refs: 0

JNI global refs memory usage: 0, weak refs: 0

Process memory usage:
Resident Set Size: 11996K (0% of 15930392K total physical memory with 1396856K free physical memory)

OOME stack traces (most recent first):
Classloader memory used:

---------------  S Y S T E M  ---------------

OS:
 Windows 11 , 64 bit Build 22621 (10.0.22621.5124)
OS uptime: 0 days 2:16 hours
Hyper-V role detected

CPU: total 16 (initial active 16) (16 cores per cpu, 2 threads per core) family 25 model 68 stepping 1 microcode 0x0, cx8, cmov, fxsr, ht, mmx, 3dnowpref, sse, sse2, sse3, ssse3, sse4a, sse4.1, sse4.2, popcnt, lzcnt, tsc, tscinvbit, avx, avx2, aes, clmul, bmi1, bmi2, adx, sha, fma, vzeroupper, clflush, clflushopt, hv, rdtscp, rdpid, f16c, cet_ss
Processor Information for all 16 processors :
  Max Mhz: 3201, Current Mhz: 3201, Mhz Limit: 3201

Memory: 4k page, system-wide physical 15557M (1364M free)
TotalPageFile size 25079M (AvailPageFile size 149M)
current process WorkingSet (physical memory assigned to process): 11M, peak: 11M
current process commit charge ("private bytes"): 70M, peak: 314M

vm_info: OpenJDK 64-Bit Server VM (21.0.4+-12508038-b607.1) for windows-amd64 JRE (21.0.4+-12508038-b607.1), built on 2024-10-16T17:23:34Z by "builder" with MS VC++ 16.10 / 16.11 (VS2019)

END.
